[2022-11-08 00:49:43,160] {manager.py:504} INFO - Processing files using up to 2 processes at a time 
[2022-11-08 00:49:43,162] {manager.py:505} INFO - Process each file at most once every 30 seconds
[2022-11-08 00:49:43,168] {manager.py:507} INFO - Checking for new files in /opt/airflow/dags every 300 seconds
[2022-11-08 00:49:43,174] {manager.py:653} INFO - Searching for files in /opt/airflow/dags
[2022-11-08 00:49:43,200] {manager.py:656} INFO - There are 0 files in /opt/airflow/dags
[2022-11-08 00:49:43,416] {manager.py:1051} INFO - Finding 'running' jobs without a recent heartbeat
[2022-11-08 00:49:43,432] {manager.py:1055} INFO - Failing jobs without heartbeat after 2022-11-08 00:44:43.432128+00:00
[2022-11-08 00:49:53,690] {manager.py:1051} INFO - Finding 'running' jobs without a recent heartbeat
[2022-11-08 00:49:53,701] {manager.py:1055} INFO - Failing jobs without heartbeat after 2022-11-08 00:44:53.700730+00:00
[2022-11-08 00:50:03,946] {manager.py:1051} INFO - Finding 'running' jobs without a recent heartbeat
[2022-11-08 00:50:03,961] {manager.py:1055} INFO - Failing jobs without heartbeat after 2022-11-08 00:45:03.960934+00:00
[2022-11-08 00:50:14,480] {manager.py:1051} INFO - Finding 'running' jobs without a recent heartbeat
[2022-11-08 00:50:14,494] {manager.py:1055} INFO - Failing jobs without heartbeat after 2022-11-08 00:45:14.493813+00:00
[2022-11-08 00:50:24,574] {manager.py:1051} INFO - Finding 'running' jobs without a recent heartbeat
[2022-11-08 00:50:24,580] {manager.py:1055} INFO - Failing jobs without heartbeat after 2022-11-08 00:45:24.580752+00:00
[2022-11-08 00:50:34,662] {manager.py:1051} INFO - Finding 'running' jobs without a recent heartbeat
[2022-11-08 00:50:34,669] {manager.py:1055} INFO - Failing jobs without heartbeat after 2022-11-08 00:45:34.668956+00:00
[2022-11-08 00:50:44,747] {manager.py:1051} INFO - Finding 'running' jobs without a recent heartbeat
[2022-11-08 00:50:44,758] {manager.py:1055} INFO - Failing jobs without heartbeat after 2022-11-08 00:45:44.758629+00:00
[2022-11-08 00:50:54,944] {manager.py:1051} INFO - Finding 'running' jobs without a recent heartbeat
[2022-11-08 00:50:54,947] {manager.py:1055} INFO - Failing jobs without heartbeat after 2022-11-08 00:45:54.947804+00:00
[2022-11-08 00:51:05,091] {manager.py:1051} INFO - Finding 'running' jobs without a recent heartbeat
[2022-11-08 00:51:05,112] {manager.py:1055} INFO - Failing jobs without heartbeat after 2022-11-08 00:46:05.111962+00:00
[2022-11-08 00:51:15,247] {manager.py:1051} INFO - Finding 'running' jobs without a recent heartbeat
[2022-11-08 00:51:15,255] {manager.py:1055} INFO - Failing jobs without heartbeat after 2022-11-08 00:46:15.255656+00:00
[2022-11-08 00:51:25,458] {manager.py:1051} INFO - Finding 'running' jobs without a recent heartbeat
[2022-11-08 00:51:25,543] {manager.py:1055} INFO - Failing jobs without heartbeat after 2022-11-08 00:46:25.543836+00:00
[2022-11-08 00:51:35,842] {manager.py:1051} INFO - Finding 'running' jobs without a recent heartbeat
[2022-11-08 00:51:35,853] {manager.py:1055} INFO - Failing jobs without heartbeat after 2022-11-08 00:46:35.848265+00:00
[2022-11-08 00:51:45,958] {manager.py:1051} INFO - Finding 'running' jobs without a recent heartbeat
[2022-11-08 00:51:45,964] {manager.py:1055} INFO - Failing jobs without heartbeat after 2022-11-08 00:46:45.963445+00:00
[2022-11-08 00:51:56,033] {manager.py:1051} INFO - Finding 'running' jobs without a recent heartbeat
[2022-11-08 00:51:56,041] {manager.py:1055} INFO - Failing jobs without heartbeat after 2022-11-08 00:46:56.041226+00:00
[2022-11-08 00:52:06,144] {manager.py:1051} INFO - Finding 'running' jobs without a recent heartbeat
[2022-11-08 00:52:06,150] {manager.py:1055} INFO - Failing jobs without heartbeat after 2022-11-08 00:47:06.150158+00:00
[2022-11-08 00:52:16,224] {manager.py:1051} INFO - Finding 'running' jobs without a recent heartbeat
[2022-11-08 00:52:16,230] {manager.py:1055} INFO - Failing jobs without heartbeat after 2022-11-08 00:47:16.230366+00:00
[2022-11-08 00:52:26,315] {manager.py:1051} INFO - Finding 'running' jobs without a recent heartbeat
[2022-11-08 00:52:26,322] {manager.py:1055} INFO - Failing jobs without heartbeat after 2022-11-08 00:47:26.321864+00:00
[2022-11-08 00:52:36,352] {manager.py:1051} INFO - Finding 'running' jobs without a recent heartbeat
[2022-11-08 00:52:36,356] {manager.py:1055} INFO - Failing jobs without heartbeat after 2022-11-08 00:47:36.356769+00:00
[2022-11-08 00:52:46,404] {manager.py:1051} INFO - Finding 'running' jobs without a recent heartbeat
[2022-11-08 00:52:46,414] {manager.py:1055} INFO - Failing jobs without heartbeat after 2022-11-08 00:47:46.414438+00:00
[2022-11-08 00:52:56,492] {manager.py:1051} INFO - Finding 'running' jobs without a recent heartbeat
[2022-11-08 00:52:56,497] {manager.py:1055} INFO - Failing jobs without heartbeat after 2022-11-08 00:47:56.497138+00:00
[2022-11-08 00:53:06,539] {manager.py:1051} INFO - Finding 'running' jobs without a recent heartbeat
[2022-11-08 00:53:06,555] {manager.py:1055} INFO - Failing jobs without heartbeat after 2022-11-08 00:48:06.555289+00:00
[2022-11-08 00:53:16,647] {manager.py:1051} INFO - Finding 'running' jobs without a recent heartbeat
[2022-11-08 00:53:16,650] {manager.py:1055} INFO - Failing jobs without heartbeat after 2022-11-08 00:48:16.650557+00:00
[2022-11-08 00:53:26,695] {manager.py:1051} INFO - Finding 'running' jobs without a recent heartbeat
[2022-11-08 00:53:26,697] {manager.py:1055} INFO - Failing jobs without heartbeat after 2022-11-08 00:48:26.697508+00:00
[2022-11-08 00:53:36,716] {manager.py:1051} INFO - Finding 'running' jobs without a recent heartbeat
[2022-11-08 00:53:36,719] {manager.py:1055} INFO - Failing jobs without heartbeat after 2022-11-08 00:48:36.719806+00:00
[2022-11-08 00:53:46,824] {manager.py:1051} INFO - Finding 'running' jobs without a recent heartbeat
[2022-11-08 00:53:46,830] {manager.py:1055} INFO - Failing jobs without heartbeat after 2022-11-08 00:48:46.830423+00:00
[2022-11-08 00:53:56,951] {manager.py:1051} INFO - Finding 'running' jobs without a recent heartbeat
[2022-11-08 00:53:57,089] {manager.py:1055} INFO - Failing jobs without heartbeat after 2022-11-08 00:48:57.089511+00:00
[2022-11-08 00:54:07,509] {manager.py:1051} INFO - Finding 'running' jobs without a recent heartbeat
[2022-11-08 00:54:07,542] {manager.py:1055} INFO - Failing jobs without heartbeat after 2022-11-08 00:49:07.542272+00:00
[2022-11-08 00:54:17,691] {manager.py:1051} INFO - Finding 'running' jobs without a recent heartbeat
[2022-11-08 00:54:17,696] {manager.py:1055} INFO - Failing jobs without heartbeat after 2022-11-08 00:49:17.696207+00:00
[2022-11-08 00:54:27,742] {manager.py:1051} INFO - Finding 'running' jobs without a recent heartbeat
[2022-11-08 00:54:27,745] {manager.py:1055} INFO - Failing jobs without heartbeat after 2022-11-08 00:49:27.745699+00:00
[2022-11-08 00:54:37,763] {manager.py:1051} INFO - Finding 'running' jobs without a recent heartbeat
[2022-11-08 00:54:37,765] {manager.py:1055} INFO - Failing jobs without heartbeat after 2022-11-08 00:49:37.765922+00:00
[2022-11-08 00:54:43,793] {manager.py:653} INFO - Searching for files in /opt/airflow/dags
[2022-11-08 00:54:43,800] {manager.py:656} INFO - There are 0 files in /opt/airflow/dags
[2022-11-08 00:54:47,828] {manager.py:1051} INFO - Finding 'running' jobs without a recent heartbeat
[2022-11-08 00:54:47,831] {manager.py:1055} INFO - Failing jobs without heartbeat after 2022-11-08 00:49:47.831018+00:00
[2022-11-08 00:54:57,876] {manager.py:1051} INFO - Finding 'running' jobs without a recent heartbeat
[2022-11-08 00:54:57,883] {manager.py:1055} INFO - Failing jobs without heartbeat after 2022-11-08 00:49:57.883077+00:00
[2022-11-08 00:55:07,933] {manager.py:1051} INFO - Finding 'running' jobs without a recent heartbeat
[2022-11-08 00:55:07,937] {manager.py:1055} INFO - Failing jobs without heartbeat after 2022-11-08 00:50:07.937519+00:00
[2022-11-08 00:55:17,981] {manager.py:1051} INFO - Finding 'running' jobs without a recent heartbeat
[2022-11-08 00:55:17,987] {manager.py:1055} INFO - Failing jobs without heartbeat after 2022-11-08 00:50:17.987390+00:00
[2022-11-08 00:55:28,039] {manager.py:1051} INFO - Finding 'running' jobs without a recent heartbeat
[2022-11-08 00:55:28,047] {manager.py:1055} INFO - Failing jobs without heartbeat after 2022-11-08 00:50:28.046741+00:00
[2022-11-08 00:55:38,086] {manager.py:1051} INFO - Finding 'running' jobs without a recent heartbeat
[2022-11-08 00:55:38,089] {manager.py:1055} INFO - Failing jobs without heartbeat after 2022-11-08 00:50:38.089337+00:00
[2022-11-08 00:55:48,129] {manager.py:1051} INFO - Finding 'running' jobs without a recent heartbeat
[2022-11-08 00:55:48,133] {manager.py:1055} INFO - Failing jobs without heartbeat after 2022-11-08 00:50:48.133073+00:00
[2022-11-08 00:55:58,177] {manager.py:1051} INFO - Finding 'running' jobs without a recent heartbeat
[2022-11-08 00:55:58,182] {manager.py:1055} INFO - Failing jobs without heartbeat after 2022-11-08 00:50:58.182130+00:00
[2022-11-08 00:56:08,215] {manager.py:1051} INFO - Finding 'running' jobs without a recent heartbeat
[2022-11-08 00:56:08,218] {manager.py:1055} INFO - Failing jobs without heartbeat after 2022-11-08 00:51:08.218017+00:00
[2022-11-08 00:56:18,263] {manager.py:1051} INFO - Finding 'running' jobs without a recent heartbeat
[2022-11-08 00:56:18,265] {manager.py:1055} INFO - Failing jobs without heartbeat after 2022-11-08 00:51:18.265783+00:00
[2022-11-08 00:56:28,305] {manager.py:1051} INFO - Finding 'running' jobs without a recent heartbeat
[2022-11-08 00:56:28,328] {manager.py:1055} INFO - Failing jobs without heartbeat after 2022-11-08 00:51:28.328237+00:00
[2022-11-08 00:56:38,404] {manager.py:1051} INFO - Finding 'running' jobs without a recent heartbeat
[2022-11-08 00:56:38,408] {manager.py:1055} INFO - Failing jobs without heartbeat after 2022-11-08 00:51:38.407966+00:00
[2022-11-08 00:56:48,459] {manager.py:1051} INFO - Finding 'running' jobs without a recent heartbeat
[2022-11-08 00:56:48,463] {manager.py:1055} INFO - Failing jobs without heartbeat after 2022-11-08 00:51:48.463422+00:00
[2022-11-08 00:56:58,512] {manager.py:1051} INFO - Finding 'running' jobs without a recent heartbeat
[2022-11-08 00:56:58,518] {manager.py:1055} INFO - Failing jobs without heartbeat after 2022-11-08 00:51:58.518276+00:00
[2022-11-08 00:57:08,535] {manager.py:1051} INFO - Finding 'running' jobs without a recent heartbeat
[2022-11-08 00:57:08,540] {manager.py:1055} INFO - Failing jobs without heartbeat after 2022-11-08 00:52:08.540453+00:00
[2022-11-08 00:57:18,575] {manager.py:1051} INFO - Finding 'running' jobs without a recent heartbeat
[2022-11-08 00:57:18,579] {manager.py:1055} INFO - Failing jobs without heartbeat after 2022-11-08 00:52:18.579192+00:00
[2022-11-08 00:57:28,625] {manager.py:1051} INFO - Finding 'running' jobs without a recent heartbeat
[2022-11-08 00:57:28,629] {manager.py:1055} INFO - Failing jobs without heartbeat after 2022-11-08 00:52:28.629379+00:00
[2022-11-08 00:57:38,656] {manager.py:1051} INFO - Finding 'running' jobs without a recent heartbeat
[2022-11-08 00:57:38,660] {manager.py:1055} INFO - Failing jobs without heartbeat after 2022-11-08 00:52:38.660075+00:00
[2022-11-08 00:57:48,704] {manager.py:1051} INFO - Finding 'running' jobs without a recent heartbeat
[2022-11-08 00:57:48,707] {manager.py:1055} INFO - Failing jobs without heartbeat after 2022-11-08 00:52:48.707600+00:00
[2022-11-08 00:57:58,729] {manager.py:1051} INFO - Finding 'running' jobs without a recent heartbeat
[2022-11-08 00:57:58,731] {manager.py:1055} INFO - Failing jobs without heartbeat after 2022-11-08 00:52:58.731914+00:00
[2022-11-08 00:58:08,776] {manager.py:1051} INFO - Finding 'running' jobs without a recent heartbeat
[2022-11-08 00:58:08,779] {manager.py:1055} INFO - Failing jobs without heartbeat after 2022-11-08 00:53:08.779844+00:00
[2022-11-08 00:58:18,822] {manager.py:1051} INFO - Finding 'running' jobs without a recent heartbeat
[2022-11-08 00:58:18,826] {manager.py:1055} INFO - Failing jobs without heartbeat after 2022-11-08 00:53:18.826753+00:00
[2022-11-08 00:58:28,846] {manager.py:1051} INFO - Finding 'running' jobs without a recent heartbeat
[2022-11-08 00:58:28,850] {manager.py:1055} INFO - Failing jobs without heartbeat after 2022-11-08 00:53:28.850699+00:00
[2022-11-08 00:58:38,893] {manager.py:1051} INFO - Finding 'running' jobs without a recent heartbeat
[2022-11-08 00:58:38,896] {manager.py:1055} INFO - Failing jobs without heartbeat after 2022-11-08 00:53:38.896516+00:00
[2022-11-08 00:58:48,934] {manager.py:1051} INFO - Finding 'running' jobs without a recent heartbeat
[2022-11-08 00:58:48,936] {manager.py:1055} INFO - Failing jobs without heartbeat after 2022-11-08 00:53:48.936155+00:00
[2022-11-08 00:58:58,955] {manager.py:1051} INFO - Finding 'running' jobs without a recent heartbeat
[2022-11-08 00:58:58,958] {manager.py:1055} INFO - Failing jobs without heartbeat after 2022-11-08 00:53:58.958802+00:00
[2022-11-08 00:59:08,998] {manager.py:1051} INFO - Finding 'running' jobs without a recent heartbeat
[2022-11-08 00:59:09,003] {manager.py:1055} INFO - Failing jobs without heartbeat after 2022-11-08 00:54:09.002982+00:00
[2022-11-08 00:59:19,058] {manager.py:1051} INFO - Finding 'running' jobs without a recent heartbeat
[2022-11-08 00:59:19,063] {manager.py:1055} INFO - Failing jobs without heartbeat after 2022-11-08 00:54:19.063290+00:00
[2022-11-08 00:59:29,099] {manager.py:1051} INFO - Finding 'running' jobs without a recent heartbeat
[2022-11-08 00:59:29,103] {manager.py:1055} INFO - Failing jobs without heartbeat after 2022-11-08 00:54:29.103278+00:00
[2022-11-08 00:59:39,145] {manager.py:1051} INFO - Finding 'running' jobs without a recent heartbeat
[2022-11-08 00:59:39,150] {manager.py:1055} INFO - Failing jobs without heartbeat after 2022-11-08 00:54:39.150587+00:00
[2022-11-08 00:59:44,184] {manager.py:653} INFO - Searching for files in /opt/airflow/dags
[2022-11-08 00:59:44,192] {manager.py:656} INFO - There are 0 files in /opt/airflow/dags
[2022-11-08 00:59:49,213] {manager.py:1051} INFO - Finding 'running' jobs without a recent heartbeat
[2022-11-08 00:59:49,217] {manager.py:1055} INFO - Failing jobs without heartbeat after 2022-11-08 00:54:49.217021+00:00
[2022-11-08 00:59:59,242] {manager.py:1051} INFO - Finding 'running' jobs without a recent heartbeat
[2022-11-08 00:59:59,245] {manager.py:1055} INFO - Failing jobs without heartbeat after 2022-11-08 00:54:59.245626+00:00
[2022-11-08 01:00:09,289] {manager.py:1051} INFO - Finding 'running' jobs without a recent heartbeat
[2022-11-08 01:00:09,292] {manager.py:1055} INFO - Failing jobs without heartbeat after 2022-11-08 00:55:09.292373+00:00
[2022-11-08 01:00:19,335] {manager.py:1051} INFO - Finding 'running' jobs without a recent heartbeat
[2022-11-08 01:00:19,339] {manager.py:1055} INFO - Failing jobs without heartbeat after 2022-11-08 00:55:19.338961+00:00
[2022-11-08 01:00:29,364] {manager.py:1051} INFO - Finding 'running' jobs without a recent heartbeat
[2022-11-08 01:00:29,367] {manager.py:1055} INFO - Failing jobs without heartbeat after 2022-11-08 00:55:29.367875+00:00
[2022-11-08 01:00:39,410] {manager.py:1051} INFO - Finding 'running' jobs without a recent heartbeat
[2022-11-08 01:00:39,413] {manager.py:1055} INFO - Failing jobs without heartbeat after 2022-11-08 00:55:39.413380+00:00
[2022-11-08 01:00:49,456] {manager.py:1051} INFO - Finding 'running' jobs without a recent heartbeat
[2022-11-08 01:00:49,459] {manager.py:1055} INFO - Failing jobs without heartbeat after 2022-11-08 00:55:49.459758+00:00
[2022-11-08 01:00:59,482] {manager.py:1051} INFO - Finding 'running' jobs without a recent heartbeat
[2022-11-08 01:00:59,487] {manager.py:1055} INFO - Failing jobs without heartbeat after 2022-11-08 00:55:59.487259+00:00
[2022-11-08 01:01:09,548] {manager.py:1051} INFO - Finding 'running' jobs without a recent heartbeat
[2022-11-08 01:01:09,555] {manager.py:1055} INFO - Failing jobs without heartbeat after 2022-11-08 00:56:09.555814+00:00
[2022-11-08 01:01:19,599] {manager.py:1051} INFO - Finding 'running' jobs without a recent heartbeat
[2022-11-08 01:01:19,602] {manager.py:1055} INFO - Failing jobs without heartbeat after 2022-11-08 00:56:19.602688+00:00
[2022-11-08 01:01:29,646] {manager.py:1051} INFO - Finding 'running' jobs without a recent heartbeat
[2022-11-08 01:01:29,652] {manager.py:1055} INFO - Failing jobs without heartbeat after 2022-11-08 00:56:29.652055+00:00
[2022-11-08 01:01:39,718] {manager.py:1051} INFO - Finding 'running' jobs without a recent heartbeat
[2022-11-08 01:01:39,724] {manager.py:1055} INFO - Failing jobs without heartbeat after 2022-11-08 00:56:39.724323+00:00
[2022-11-08 01:01:49,793] {manager.py:1051} INFO - Finding 'running' jobs without a recent heartbeat
[2022-11-08 01:01:49,802] {manager.py:1055} INFO - Failing jobs without heartbeat after 2022-11-08 00:56:49.802039+00:00
[2022-11-08 01:01:59,876] {manager.py:1051} INFO - Finding 'running' jobs without a recent heartbeat
[2022-11-08 01:01:59,884] {manager.py:1055} INFO - Failing jobs without heartbeat after 2022-11-08 00:56:59.884872+00:00
[2022-11-08 01:02:09,946] {manager.py:1051} INFO - Finding 'running' jobs without a recent heartbeat
[2022-11-08 01:02:09,951] {manager.py:1055} INFO - Failing jobs without heartbeat after 2022-11-08 00:57:09.951400+00:00
[2022-11-08 01:02:20,013] {manager.py:1051} INFO - Finding 'running' jobs without a recent heartbeat
[2022-11-08 01:02:20,018] {manager.py:1055} INFO - Failing jobs without heartbeat after 2022-11-08 00:57:20.018450+00:00
[2022-11-08 01:02:30,046] {manager.py:1051} INFO - Finding 'running' jobs without a recent heartbeat
[2022-11-08 01:02:30,050] {manager.py:1055} INFO - Failing jobs without heartbeat after 2022-11-08 00:57:30.050055+00:00
[2022-11-08 01:02:40,104] {manager.py:1051} INFO - Finding 'running' jobs without a recent heartbeat
[2022-11-08 01:02:40,106] {manager.py:1055} INFO - Failing jobs without heartbeat after 2022-11-08 00:57:40.106777+00:00
[2022-11-08 01:02:50,149] {manager.py:1051} INFO - Finding 'running' jobs without a recent heartbeat
[2022-11-08 01:02:50,151] {manager.py:1055} INFO - Failing jobs without heartbeat after 2022-11-08 00:57:50.151937+00:00
[2022-11-08 01:03:00,180] {manager.py:1051} INFO - Finding 'running' jobs without a recent heartbeat
[2022-11-08 01:03:00,185] {manager.py:1055} INFO - Failing jobs without heartbeat after 2022-11-08 00:58:00.185078+00:00
[2022-11-08 01:03:10,235] {manager.py:1051} INFO - Finding 'running' jobs without a recent heartbeat
[2022-11-08 01:03:10,240] {manager.py:1055} INFO - Failing jobs without heartbeat after 2022-11-08 00:58:10.240775+00:00
[2022-11-08 01:03:20,289] {manager.py:1051} INFO - Finding 'running' jobs without a recent heartbeat
[2022-11-08 01:03:20,293] {manager.py:1055} INFO - Failing jobs without heartbeat after 2022-11-08 00:58:20.293421+00:00
[2022-11-08 01:03:30,318] {manager.py:1051} INFO - Finding 'running' jobs without a recent heartbeat
[2022-11-08 01:03:30,322] {manager.py:1055} INFO - Failing jobs without heartbeat after 2022-11-08 00:58:30.322290+00:00
[2022-11-08 01:03:40,381] {manager.py:1051} INFO - Finding 'running' jobs without a recent heartbeat
[2022-11-08 01:03:40,385] {manager.py:1055} INFO - Failing jobs without heartbeat after 2022-11-08 00:58:40.384923+00:00
[2022-11-08 01:03:50,448] {manager.py:1051} INFO - Finding 'running' jobs without a recent heartbeat
[2022-11-08 01:03:50,451] {manager.py:1055} INFO - Failing jobs without heartbeat after 2022-11-08 00:58:50.451457+00:00
[2022-11-08 01:04:00,472] {manager.py:1051} INFO - Finding 'running' jobs without a recent heartbeat
[2022-11-08 01:04:00,477] {manager.py:1055} INFO - Failing jobs without heartbeat after 2022-11-08 00:59:00.477460+00:00
[2022-11-08 01:04:10,523] {manager.py:1051} INFO - Finding 'running' jobs without a recent heartbeat
[2022-11-08 01:04:10,527] {manager.py:1055} INFO - Failing jobs without heartbeat after 2022-11-08 00:59:10.527920+00:00
[2022-11-08 01:04:20,576] {manager.py:1051} INFO - Finding 'running' jobs without a recent heartbeat
[2022-11-08 01:04:20,580] {manager.py:1055} INFO - Failing jobs without heartbeat after 2022-11-08 00:59:20.579946+00:00
[2022-11-08 01:04:30,600] {manager.py:1051} INFO - Finding 'running' jobs without a recent heartbeat
[2022-11-08 01:04:30,603] {manager.py:1055} INFO - Failing jobs without heartbeat after 2022-11-08 00:59:30.603814+00:00
[2022-11-08 01:04:40,650] {manager.py:1051} INFO - Finding 'running' jobs without a recent heartbeat
[2022-11-08 01:04:40,653] {manager.py:1055} INFO - Failing jobs without heartbeat after 2022-11-08 00:59:40.653522+00:00
[2022-11-08 01:04:44,676] {manager.py:653} INFO - Searching for files in /opt/airflow/dags
[2022-11-08 01:04:44,681] {manager.py:656} INFO - There are 0 files in /opt/airflow/dags
[2022-11-08 01:04:50,709] {manager.py:1051} INFO - Finding 'running' jobs without a recent heartbeat
[2022-11-08 01:04:50,712] {manager.py:1055} INFO - Failing jobs without heartbeat after 2022-11-08 00:59:50.711958+00:00
[2022-11-08 01:05:00,730] {manager.py:1051} INFO - Finding 'running' jobs without a recent heartbeat
[2022-11-08 01:05:00,733] {manager.py:1055} INFO - Failing jobs without heartbeat after 2022-11-08 01:00:00.733653+00:00
[2022-11-08 01:05:10,774] {manager.py:1051} INFO - Finding 'running' jobs without a recent heartbeat
[2022-11-08 01:05:10,783] {manager.py:1055} INFO - Failing jobs without heartbeat after 2022-11-08 01:00:10.783037+00:00
[2022-11-08 01:05:20,827] {manager.py:1051} INFO - Finding 'running' jobs without a recent heartbeat
[2022-11-08 01:05:20,832] {manager.py:1055} INFO - Failing jobs without heartbeat after 2022-11-08 01:00:20.832202+00:00
[2022-11-08 01:05:30,885] {manager.py:1051} INFO - Finding 'running' jobs without a recent heartbeat
[2022-11-08 01:05:30,898] {manager.py:1055} INFO - Failing jobs without heartbeat after 2022-11-08 01:00:30.898317+00:00
[2022-11-08 01:05:41,076] {manager.py:1051} INFO - Finding 'running' jobs without a recent heartbeat
[2022-11-08 01:05:41,085] {manager.py:1055} INFO - Failing jobs without heartbeat after 2022-11-08 01:00:41.085475+00:00
[2022-11-08 01:05:51,166] {manager.py:1051} INFO - Finding 'running' jobs without a recent heartbeat
[2022-11-08 01:05:51,181] {manager.py:1055} INFO - Failing jobs without heartbeat after 2022-11-08 01:00:51.181170+00:00
[2022-11-08 01:06:01,253] {manager.py:1051} INFO - Finding 'running' jobs without a recent heartbeat
[2022-11-08 01:06:01,266] {manager.py:1055} INFO - Failing jobs without heartbeat after 2022-11-08 01:01:01.266138+00:00
[2022-11-08 01:06:11,461] {manager.py:1051} INFO - Finding 'running' jobs without a recent heartbeat
[2022-11-08 01:06:11,470] {manager.py:1055} INFO - Failing jobs without heartbeat after 2022-11-08 01:01:11.469951+00:00
[2022-11-08 01:06:21,540] {manager.py:1051} INFO - Finding 'running' jobs without a recent heartbeat
[2022-11-08 01:06:21,545] {manager.py:1055} INFO - Failing jobs without heartbeat after 2022-11-08 01:01:21.545096+00:00
[2022-11-08 01:06:31,579] {manager.py:1051} INFO - Finding 'running' jobs without a recent heartbeat
[2022-11-08 01:06:31,586] {manager.py:1055} INFO - Failing jobs without heartbeat after 2022-11-08 01:01:31.585556+00:00
[2022-11-08 01:06:41,800] {manager.py:1051} INFO - Finding 'running' jobs without a recent heartbeat
[2022-11-08 01:06:41,885] {manager.py:1055} INFO - Failing jobs without heartbeat after 2022-11-08 01:01:41.885226+00:00
[2022-11-08 01:06:51,994] {manager.py:1051} INFO - Finding 'running' jobs without a recent heartbeat
[2022-11-08 01:06:51,999] {manager.py:1055} INFO - Failing jobs without heartbeat after 2022-11-08 01:01:51.999029+00:00
[2022-11-08 01:07:02,031] {manager.py:1051} INFO - Finding 'running' jobs without a recent heartbeat
[2022-11-08 01:07:02,036] {manager.py:1055} INFO - Failing jobs without heartbeat after 2022-11-08 01:02:02.035824+00:00
[2022-11-08 01:07:12,085] {manager.py:1051} INFO - Finding 'running' jobs without a recent heartbeat
[2022-11-08 01:07:12,089] {manager.py:1055} INFO - Failing jobs without heartbeat after 2022-11-08 01:02:12.089196+00:00
[2022-11-08 01:07:22,137] {manager.py:1051} INFO - Finding 'running' jobs without a recent heartbeat
[2022-11-08 01:07:22,142] {manager.py:1055} INFO - Failing jobs without heartbeat after 2022-11-08 01:02:22.141978+00:00
[2022-11-08 01:07:32,176] {manager.py:1051} INFO - Finding 'running' jobs without a recent heartbeat
[2022-11-08 01:07:32,181] {manager.py:1055} INFO - Failing jobs without heartbeat after 2022-11-08 01:02:32.181432+00:00
[2022-11-08 01:07:42,223] {manager.py:1051} INFO - Finding 'running' jobs without a recent heartbeat
[2022-11-08 01:07:42,226] {manager.py:1055} INFO - Failing jobs without heartbeat after 2022-11-08 01:02:42.226149+00:00
[2022-11-08 01:07:52,333] {manager.py:1051} INFO - Finding 'running' jobs without a recent heartbeat
[2022-11-08 01:07:52,634] {manager.py:1055} INFO - Failing jobs without heartbeat after 2022-11-08 01:02:52.634668+00:00
[2022-11-08 01:08:02,842] {manager.py:1051} INFO - Finding 'running' jobs without a recent heartbeat
[2022-11-08 01:08:02,854] {manager.py:1055} INFO - Failing jobs without heartbeat after 2022-11-08 01:03:02.854264+00:00
[2022-11-08 01:08:12,919] {manager.py:1051} INFO - Finding 'running' jobs without a recent heartbeat
[2022-11-08 01:08:12,923] {manager.py:1055} INFO - Failing jobs without heartbeat after 2022-11-08 01:03:12.923289+00:00
[2022-11-08 01:08:22,978] {manager.py:1051} INFO - Finding 'running' jobs without a recent heartbeat
[2022-11-08 01:08:22,994] {manager.py:1055} INFO - Failing jobs without heartbeat after 2022-11-08 01:03:22.994650+00:00
[2022-11-08 01:08:33,087] {manager.py:1051} INFO - Finding 'running' jobs without a recent heartbeat
[2022-11-08 01:08:33,096] {manager.py:1055} INFO - Failing jobs without heartbeat after 2022-11-08 01:03:33.095683+00:00
[2022-11-08 01:08:43,149] {manager.py:1051} INFO - Finding 'running' jobs without a recent heartbeat
[2022-11-08 01:08:43,156] {manager.py:1055} INFO - Failing jobs without heartbeat after 2022-11-08 01:03:43.156784+00:00
[2022-11-08 01:08:53,222] {manager.py:1051} INFO - Finding 'running' jobs without a recent heartbeat
[2022-11-08 01:08:53,230] {manager.py:1055} INFO - Failing jobs without heartbeat after 2022-11-08 01:03:53.230616+00:00
[2022-11-08 01:09:03,288] {manager.py:1051} INFO - Finding 'running' jobs without a recent heartbeat
[2022-11-08 01:09:03,302] {manager.py:1055} INFO - Failing jobs without heartbeat after 2022-11-08 01:04:03.301993+00:00
[2022-11-08 01:09:13,413] {manager.py:1051} INFO - Finding 'running' jobs without a recent heartbeat
[2022-11-08 01:09:13,440] {manager.py:1055} INFO - Failing jobs without heartbeat after 2022-11-08 01:04:13.440167+00:00
[2022-11-08 01:09:23,638] {manager.py:1051} INFO - Finding 'running' jobs without a recent heartbeat
[2022-11-08 01:09:23,644] {manager.py:1055} INFO - Failing jobs without heartbeat after 2022-11-08 01:04:23.644036+00:00
[2022-11-08 01:09:33,684] {manager.py:1051} INFO - Finding 'running' jobs without a recent heartbeat
[2022-11-08 01:09:33,688] {manager.py:1055} INFO - Failing jobs without heartbeat after 2022-11-08 01:04:33.688521+00:00
[2022-11-08 01:09:43,739] {manager.py:1051} INFO - Finding 'running' jobs without a recent heartbeat
[2022-11-08 01:09:43,743] {manager.py:1055} INFO - Failing jobs without heartbeat after 2022-11-08 01:04:43.743175+00:00
[2022-11-08 01:09:44,760] {manager.py:653} INFO - Searching for files in /opt/airflow/dags
[2022-11-08 01:09:44,765] {manager.py:656} INFO - There are 0 files in /opt/airflow/dags
[2022-11-08 01:09:53,815] {manager.py:1051} INFO - Finding 'running' jobs without a recent heartbeat
[2022-11-08 01:09:53,818] {manager.py:1055} INFO - Failing jobs without heartbeat after 2022-11-08 01:04:53.818676+00:00
[2022-11-08 01:10:03,838] {manager.py:1051} INFO - Finding 'running' jobs without a recent heartbeat
[2022-11-08 01:10:03,842] {manager.py:1055} INFO - Failing jobs without heartbeat after 2022-11-08 01:05:03.842017+00:00
[2022-11-08 01:10:13,883] {manager.py:1051} INFO - Finding 'running' jobs without a recent heartbeat
[2022-11-08 01:10:13,887] {manager.py:1055} INFO - Failing jobs without heartbeat after 2022-11-08 01:05:13.887006+00:00
[2022-11-08 01:10:23,930] {manager.py:1051} INFO - Finding 'running' jobs without a recent heartbeat
[2022-11-08 01:10:23,933] {manager.py:1055} INFO - Failing jobs without heartbeat after 2022-11-08 01:05:23.933475+00:00
[2022-11-08 01:10:33,953] {manager.py:1051} INFO - Finding 'running' jobs without a recent heartbeat
[2022-11-08 01:10:33,957] {manager.py:1055} INFO - Failing jobs without heartbeat after 2022-11-08 01:05:33.957006+00:00
[2022-11-08 01:10:44,006] {manager.py:1051} INFO - Finding 'running' jobs without a recent heartbeat
[2022-11-08 01:10:44,009] {manager.py:1055} INFO - Failing jobs without heartbeat after 2022-11-08 01:05:44.009490+00:00
[2022-11-08 01:10:54,044] {manager.py:1051} INFO - Finding 'running' jobs without a recent heartbeat
[2022-11-08 01:10:54,047] {manager.py:1055} INFO - Failing jobs without heartbeat after 2022-11-08 01:05:54.047070+00:00
[2022-11-08 01:11:04,173] {manager.py:1051} INFO - Finding 'running' jobs without a recent heartbeat
[2022-11-08 01:11:04,177] {manager.py:1055} INFO - Failing jobs without heartbeat after 2022-11-08 01:06:04.177277+00:00
[2022-11-08 01:11:14,220] {manager.py:1051} INFO - Finding 'running' jobs without a recent heartbeat
[2022-11-08 01:11:14,224] {manager.py:1055} INFO - Failing jobs without heartbeat after 2022-11-08 01:06:14.224826+00:00
[2022-11-08 01:11:24,268] {manager.py:1051} INFO - Finding 'running' jobs without a recent heartbeat
[2022-11-08 01:11:24,271] {manager.py:1055} INFO - Failing jobs without heartbeat after 2022-11-08 01:06:24.271818+00:00
[2022-11-08 01:11:34,291] {manager.py:1051} INFO - Finding 'running' jobs without a recent heartbeat
[2022-11-08 01:11:34,298] {manager.py:1055} INFO - Failing jobs without heartbeat after 2022-11-08 01:06:34.298150+00:00
[2022-11-08 01:11:44,340] {manager.py:1051} INFO - Finding 'running' jobs without a recent heartbeat
[2022-11-08 01:11:44,343] {manager.py:1055} INFO - Failing jobs without heartbeat after 2022-11-08 01:06:44.343243+00:00
[2022-11-08 01:11:54,387] {manager.py:1051} INFO - Finding 'running' jobs without a recent heartbeat
[2022-11-08 01:11:54,389] {manager.py:1055} INFO - Failing jobs without heartbeat after 2022-11-08 01:06:54.389930+00:00
[2022-11-08 01:12:04,407] {manager.py:1051} INFO - Finding 'running' jobs without a recent heartbeat
[2022-11-08 01:12:04,411] {manager.py:1055} INFO - Failing jobs without heartbeat after 2022-11-08 01:07:04.410901+00:00
[2022-11-08 01:12:14,453] {manager.py:1051} INFO - Finding 'running' jobs without a recent heartbeat
[2022-11-08 01:12:14,455] {manager.py:1055} INFO - Failing jobs without heartbeat after 2022-11-08 01:07:14.455947+00:00
[2022-11-08 01:12:24,486] {manager.py:1051} INFO - Finding 'running' jobs without a recent heartbeat
[2022-11-08 01:12:24,488] {manager.py:1055} INFO - Failing jobs without heartbeat after 2022-11-08 01:07:24.488279+00:00
[2022-11-08 01:12:34,503] {manager.py:1051} INFO - Finding 'running' jobs without a recent heartbeat
[2022-11-08 01:12:34,506] {manager.py:1055} INFO - Failing jobs without heartbeat after 2022-11-08 01:07:34.506065+00:00
[2022-11-08 01:12:44,552] {manager.py:1051} INFO - Finding 'running' jobs without a recent heartbeat
[2022-11-08 01:12:44,554] {manager.py:1055} INFO - Failing jobs without heartbeat after 2022-11-08 01:07:44.554576+00:00
[2022-11-08 01:12:54,595] {manager.py:1051} INFO - Finding 'running' jobs without a recent heartbeat
[2022-11-08 01:12:54,599] {manager.py:1055} INFO - Failing jobs without heartbeat after 2022-11-08 01:07:54.599333+00:00
[2022-11-08 01:13:04,623] {manager.py:1051} INFO - Finding 'running' jobs without a recent heartbeat
[2022-11-08 01:13:04,627] {manager.py:1055} INFO - Failing jobs without heartbeat after 2022-11-08 01:08:04.627215+00:00
[2022-11-08 01:13:14,667] {manager.py:1051} INFO - Finding 'running' jobs without a recent heartbeat
[2022-11-08 01:13:14,675] {manager.py:1055} INFO - Failing jobs without heartbeat after 2022-11-08 01:08:14.675590+00:00
[2022-11-08 01:13:24,722] {manager.py:1051} INFO - Finding 'running' jobs without a recent heartbeat
[2022-11-08 01:13:24,725] {manager.py:1055} INFO - Failing jobs without heartbeat after 2022-11-08 01:08:24.725900+00:00
[2022-11-08 01:13:34,757] {manager.py:1051} INFO - Finding 'running' jobs without a recent heartbeat
[2022-11-08 01:13:34,761] {manager.py:1055} INFO - Failing jobs without heartbeat after 2022-11-08 01:08:34.761794+00:00
[2022-11-08 01:13:44,801] {manager.py:1051} INFO - Finding 'running' jobs without a recent heartbeat
[2022-11-08 01:13:44,804] {manager.py:1055} INFO - Failing jobs without heartbeat after 2022-11-08 01:08:44.804666+00:00
[2022-11-08 01:13:54,851] {manager.py:1051} INFO - Finding 'running' jobs without a recent heartbeat
[2022-11-08 01:13:54,856] {manager.py:1055} INFO - Failing jobs without heartbeat after 2022-11-08 01:08:54.856489+00:00
[2022-11-08 01:14:04,891] {manager.py:1051} INFO - Finding 'running' jobs without a recent heartbeat
[2022-11-08 01:14:04,894] {manager.py:1055} INFO - Failing jobs without heartbeat after 2022-11-08 01:09:04.894372+00:00
[2022-11-08 01:14:14,945] {manager.py:1051} INFO - Finding 'running' jobs without a recent heartbeat
[2022-11-08 01:14:14,947] {manager.py:1055} INFO - Failing jobs without heartbeat after 2022-11-08 01:09:14.947580+00:00
[2022-11-08 01:14:24,993] {manager.py:1051} INFO - Finding 'running' jobs without a recent heartbeat
[2022-11-08 01:14:24,998] {manager.py:1055} INFO - Failing jobs without heartbeat after 2022-11-08 01:09:24.998550+00:00
[2022-11-08 01:14:35,031] {manager.py:1051} INFO - Finding 'running' jobs without a recent heartbeat
[2022-11-08 01:14:35,034] {manager.py:1055} INFO - Failing jobs without heartbeat after 2022-11-08 01:09:35.034397+00:00
[2022-11-08 01:14:45,078] {manager.py:653} INFO - Searching for files in /opt/airflow/dags
[2022-11-08 01:14:45,087] {manager.py:656} INFO - There are 0 files in /opt/airflow/dags
[2022-11-08 01:14:45,109] {manager.py:1051} INFO - Finding 'running' jobs without a recent heartbeat
[2022-11-08 01:14:45,112] {manager.py:1055} INFO - Failing jobs without heartbeat after 2022-11-08 01:09:45.112500+00:00
[2022-11-08 01:14:55,156] {manager.py:1051} INFO - Finding 'running' jobs without a recent heartbeat
[2022-11-08 01:14:55,160] {manager.py:1055} INFO - Failing jobs without heartbeat after 2022-11-08 01:09:55.160148+00:00
[2022-11-08 01:15:05,183] {manager.py:1051} INFO - Finding 'running' jobs without a recent heartbeat
[2022-11-08 01:15:05,185] {manager.py:1055} INFO - Failing jobs without heartbeat after 2022-11-08 01:10:05.185738+00:00
[2022-11-08 01:15:15,223] {manager.py:1051} INFO - Finding 'running' jobs without a recent heartbeat
[2022-11-08 01:15:15,230] {manager.py:1055} INFO - Failing jobs without heartbeat after 2022-11-08 01:10:15.230842+00:00
[2022-11-08 01:15:25,272] {manager.py:1051} INFO - Finding 'running' jobs without a recent heartbeat
[2022-11-08 01:15:25,275] {manager.py:1055} INFO - Failing jobs without heartbeat after 2022-11-08 01:10:25.275431+00:00
[2022-11-08 01:15:35,296] {manager.py:1051} INFO - Finding 'running' jobs without a recent heartbeat
[2022-11-08 01:15:35,299] {manager.py:1055} INFO - Failing jobs without heartbeat after 2022-11-08 01:10:35.298989+00:00
[2022-11-08 01:15:45,350] {manager.py:1051} INFO - Finding 'running' jobs without a recent heartbeat
[2022-11-08 01:15:45,354] {manager.py:1055} INFO - Failing jobs without heartbeat after 2022-11-08 01:10:45.354131+00:00
[2022-11-08 01:15:55,390] {manager.py:1051} INFO - Finding 'running' jobs without a recent heartbeat
[2022-11-08 01:15:55,393] {manager.py:1055} INFO - Failing jobs without heartbeat after 2022-11-08 01:10:55.393200+00:00
[2022-11-08 01:16:05,413] {manager.py:1051} INFO - Finding 'running' jobs without a recent heartbeat
[2022-11-08 01:16:05,416] {manager.py:1055} INFO - Failing jobs without heartbeat after 2022-11-08 01:11:05.416146+00:00
[2022-11-08 01:16:15,467] {manager.py:1051} INFO - Finding 'running' jobs without a recent heartbeat
[2022-11-08 01:16:15,471] {manager.py:1055} INFO - Failing jobs without heartbeat after 2022-11-08 01:11:15.471828+00:00
[2022-11-08 01:16:25,512] {manager.py:1051} INFO - Finding 'running' jobs without a recent heartbeat
[2022-11-08 01:16:25,514] {manager.py:1055} INFO - Failing jobs without heartbeat after 2022-11-08 01:11:25.514506+00:00
[2022-11-08 01:16:35,539] {manager.py:1051} INFO - Finding 'running' jobs without a recent heartbeat
[2022-11-08 01:16:35,541] {manager.py:1055} INFO - Failing jobs without heartbeat after 2022-11-08 01:11:35.541544+00:00
[2022-11-08 01:16:45,589] {manager.py:1051} INFO - Finding 'running' jobs without a recent heartbeat
[2022-11-08 01:16:45,592] {manager.py:1055} INFO - Failing jobs without heartbeat after 2022-11-08 01:11:45.592116+00:00
[2022-11-08 01:16:55,637] {manager.py:1051} INFO - Finding 'running' jobs without a recent heartbeat
[2022-11-08 01:16:55,640] {manager.py:1055} INFO - Failing jobs without heartbeat after 2022-11-08 01:11:55.640627+00:00
[2022-11-08 01:17:05,652] {manager.py:1051} INFO - Finding 'running' jobs without a recent heartbeat
[2022-11-08 01:17:05,654] {manager.py:1055} INFO - Failing jobs without heartbeat after 2022-11-08 01:12:05.654757+00:00
[2022-11-08 01:17:15,681] {manager.py:1051} INFO - Finding 'running' jobs without a recent heartbeat
[2022-11-08 01:17:15,688] {manager.py:1055} INFO - Failing jobs without heartbeat after 2022-11-08 01:12:15.688012+00:00
[2022-11-08 01:17:25,735] {manager.py:1051} INFO - Finding 'running' jobs without a recent heartbeat
[2022-11-08 01:17:25,738] {manager.py:1055} INFO - Failing jobs without heartbeat after 2022-11-08 01:12:25.738340+00:00
[2022-11-08 01:17:35,756] {manager.py:1051} INFO - Finding 'running' jobs without a recent heartbeat
[2022-11-08 01:17:35,758] {manager.py:1055} INFO - Failing jobs without heartbeat after 2022-11-08 01:12:35.758844+00:00
[2022-11-08 01:17:45,795] {manager.py:1051} INFO - Finding 'running' jobs without a recent heartbeat
[2022-11-08 01:17:45,798] {manager.py:1055} INFO - Failing jobs without heartbeat after 2022-11-08 01:12:45.798202+00:00
[2022-11-08 01:17:55,831] {manager.py:1051} INFO - Finding 'running' jobs without a recent heartbeat
[2022-11-08 01:17:55,837] {manager.py:1055} INFO - Failing jobs without heartbeat after 2022-11-08 01:12:55.837041+00:00
[2022-11-08 01:18:04,781] {manager.py:485} INFO - Exiting gracefully upon receiving signal 15
